27.12.2021 16:54:24; WARNING: 	Resetting the Database. All data will be lost!
27.12.2021 16:54:27; INFO: 	Reading data from DHT22
27.12.2021 16:54:30; INFO: 	Added entry with id 1
27.12.2021 16:54:39; INFO: 	Reading data from DHT22
27.12.2021 16:54:42; INFO: 	Added entry with id 2
27.12.2021 17:26:37; INFO: 	Reading data from DHT22
27.12.2021 17:26:45; INFO: 	Added entry with id 3
27.12.2021 17:49:25; INFO: 	Reading data from DHT22
27.12.2021 17:49:29; INFO: 	Added entry with id 4
27.12.2021 18:48:45; INFO: 	Reading data from DHT22
27.12.2021 18:48:49; INFO: 	Added entry with id 12
27.12.2021 18:49:10; INFO: 	Reading data from DHT22
27.12.2021 18:49:13; INFO: 	Added entry with id 13
27.12.2021 21:02:59; INFO: 	Reading data from DHT22
27.12.2021 21:03:03; INFO: 	Added entry with id 14
27.12.2021 21:03:14; INFO: 	Reading data from DHT22
27.12.2021 21:03:17; INFO: 	Added entry with id 15
27.12.2021 21:06:00; INFO: 	Reading data from DHT22
27.12.2021 21:06:07; INFO: 	Added entry with id 16
27.12.2021 21:09:00; INFO: 	Reading data from DHT22
27.12.2021 21:09:03; INFO: 	Added entry with id 17
27.12.2021 21:10:04; INFO: 	Reading data from DHT22
27.12.2021 21:10:07; INFO: 	Added entry with id 18
27.12.2021 21:12:01; INFO: 	Reading data from DHT22
27.12.2021 21:12:04; INFO: 	Added entry with id 19
27.12.2021 21:16:01; INFO: 	Reading data from DHT22
27.12.2021 21:16:04; INFO: 	Added entry with id 20
27.12.2021 21:19:00; INFO: 	Reading data from DHT22
27.12.2021 21:19:04; INFO: 	Added entry with id 21
27.12.2021 21:20:04; INFO: 	Reading data from DHT22
27.12.2021 21:20:08; INFO: 	Added entry with id 22
27.12.2021 21:22:00; INFO: 	Reading data from DHT22
27.12.2021 21:22:09; INFO: 	Added entry with id 23
27.12.2021 21:26:00; INFO: 	Reading data from DHT22
27.12.2021 21:26:06; INFO: 	Added entry with id 24
27.12.2021 21:47:51; INFO: 	Initializing DB connection
27.12.2021 21:47:55; INFO: 	Added entry with id 25
27.12.2021 21:48:15; INFO: 	Starting main loop.
27.12.2021 21:51:11; INFO: 	Initializing DB connection
27.12.2021 21:51:17; INFO: 	Added entry with id 26
27.12.2021 21:51:37; INFO: 	Starting main loop.
27.12.2021 21:52:04; INFO: 	Added entry with id 27
27.12.2021 21:56:04; INFO: 	Added entry with id 28
27.12.2021 21:59:04; INFO: 	Added entry with id 29
27.12.2021 22:00:08; INFO: 	Added entry with id 30
27.12.2021 22:02:11; INFO: 	Added entry with id 31
27.12.2021 22:06:04; INFO: 	Added entry with id 32
27.12.2021 22:09:04; INFO: 	Added entry with id 33
27.12.2021 22:10:08; INFO: 	Added entry with id 34
27.12.2021 22:12:06; INFO: 	Added entry with id 35
27.12.2021 22:16:06; INFO: 	Added entry with id 36
27.12.2021 22:19:03; INFO: 	Added entry with id 37
27.12.2021 22:20:12; INFO: 	Added entry with id 38
27.12.2021 22:22:04; INFO: 	Added entry with id 39
27.12.2021 22:26:04; INFO: 	Added entry with id 40
27.12.2021 22:29:04; INFO: 	Added entry with id 41
27.12.2021 22:30:13; INFO: 	Added entry with id 42
27.12.2021 22:32:11; INFO: 	Added entry with id 43
27.12.2021 22:36:04; INFO: 	Added entry with id 44
27.12.2021 22:39:04; INFO: 	Added entry with id 45
27.12.2021 22:40:08; INFO: 	Added entry with id 46
27.12.2021 22:42:04; INFO: 	Added entry with id 47
27.12.2021 22:46:04; INFO: 	Added entry with id 48
27.12.2021 22:49:08; INFO: 	Added entry with id 49
27.12.2021 22:50:12; INFO: 	Added entry with id 50
27.12.2021 22:52:03; INFO: 	Added entry with id 51
27.12.2021 22:56:12; INFO: 	Added entry with id 52
27.12.2021 22:59:14; INFO: 	Added entry with id 53
27.12.2021 23:00:18; INFO: 	Added entry with id 54
27.12.2021 23:02:04; INFO: 	Added entry with id 55
27.12.2021 23:06:03; INFO: 	Added entry with id 56
27.12.2021 23:09:04; INFO: 	Added entry with id 57
27.12.2021 23:10:08; INFO: 	Added entry with id 58
27.12.2021 23:12:04; INFO: 	Added entry with id 59
27.12.2021 23:16:09; INFO: 	Added entry with id 60
27.12.2021 23:19:04; INFO: 	Added entry with id 61
27.12.2021 23:20:08; INFO: 	Added entry with id 62
27.12.2021 23:22:04; INFO: 	Added entry with id 63
27.12.2021 23:26:04; INFO: 	Added entry with id 64
27.12.2021 23:29:04; INFO: 	Added entry with id 65
27.12.2021 23:30:08; INFO: 	Added entry with id 66
27.12.2021 23:32:04; INFO: 	Added entry with id 67
27.12.2021 23:36:04; INFO: 	Added entry with id 68
27.12.2021 23:39:04; INFO: 	Added entry with id 69
27.12.2021 23:40:08; INFO: 	Added entry with id 70
27.12.2021 23:42:03; INFO: 	Added entry with id 71
27.12.2021 23:46:12; INFO: 	Added entry with id 72
27.12.2021 23:49:04; INFO: 	Added entry with id 73
27.12.2021 23:50:08; INFO: 	Added entry with id 74
27.12.2021 23:52:04; INFO: 	Added entry with id 75
27.12.2021 23:56:03; INFO: 	Added entry with id 76
27.12.2021 23:59:03; INFO: 	Added entry with id 77
28.12.2021 00:00:07; INFO: 	Added entry with id 78
28.12.2021 00:02:04; INFO: 	Added entry with id 79
28.12.2021 00:06:04; INFO: 	Added entry with id 80
28.12.2021 00:09:04; INFO: 	Added entry with id 81
28.12.2021 00:10:13; INFO: 	Added entry with id 82
28.12.2021 00:12:09; INFO: 	Added entry with id 83
28.12.2021 00:16:03; INFO: 	Added entry with id 84
